{"/Users/joaofurriel/Development/Tese/Marketplace-JurassicPark/backend/api/src/controllers/functionBlockController.ts": {"path":"/Users/joaofurriel/Development/Tese/Marketplace-JurassicPark/backend/api/src/controllers/functionBlockController.ts","statementMap":{"0":{"start":{"line":1,"column":0},"end":{"line":1,"column":71}},"1":{"start":{"line":3,"column":0},"end":{"line":3,"column":76}},"2":{"start":{"line":4,"column":0},"end":{"line":4,"column":98}},"3":{"start":{"line":5,"column":0},"end":{"line":5,"column":92}},"4":{"start":{"line":7,"column":0},"end":{"line":7,"column":52}},"5":{"start":{"line":8,"column":0},"end":{"line":8,"column":26}},"6":{"start":{"line":10,"column":13},"end":{"line":10,"column":null}},"7":{"start":{"line":11,"column":45},"end":{"line":11,"column":133}},"8":{"start":{"line":40,"column":11},"end":{"line":116,"column":null}},"9":{"start":{"line":42,"column":8},"end":{"line":114,"column":null}},"10":{"start":{"line":42,"column":66},"end":{"line":114,"column":10}},"11":{"start":{"line":44,"column":12},"end":{"line":112,"column":null}},"12":{"start":{"line":46,"column":30},"end":{"line":57,"column":null}},"13":{"start":{"line":59,"column":31},"end":{"line":59,"column":77}},"14":{"start":{"line":61,"column":32},"end":{"line":61,"column":146}},"15":{"start":{"line":63,"column":16},"end":{"line":93,"column":null}},"16":{"start":{"line":63,"column":29},"end":{"line":63,"column":30}},"17":{"start":{"line":65,"column":20},"end":{"line":65,"column":null}},"18":{"start":{"line":67,"column":20},"end":{"line":77,"column":null}},"19":{"start":{"line":71,"column":24},"end":{"line":73,"column":261}},"20":{"start":{"line":72,"column":59},"end":{"line":72,"column":101}},"21":{"start":{"line":73,"column":58},"end":{"line":73,"column":259}},"22":{"start":{"line":75,"column":24},"end":{"line":75,"column":null}},"23":{"start":{"line":79,"column":47},"end":{"line":79,"column":125}},"24":{"start":{"line":79,"column":87},"end":{"line":79,"column":124}},"25":{"start":{"line":80,"column":48},"end":{"line":80,"column":127}},"26":{"start":{"line":80,"column":88},"end":{"line":80,"column":126}},"27":{"start":{"line":82,"column":20},"end":{"line":82,"column":null}},"28":{"start":{"line":82,"column":77},"end":{"line":82,"column":103}},"29":{"start":{"line":83,"column":20},"end":{"line":83,"column":null}},"30":{"start":{"line":83,"column":79},"end":{"line":83,"column":105}},"31":{"start":{"line":85,"column":20},"end":{"line":85,"column":null}},"32":{"start":{"line":87,"column":53},"end":{"line":87,"column":143}},"33":{"start":{"line":87,"column":99},"end":{"line":87,"column":142}},"34":{"start":{"line":88,"column":54},"end":{"line":88,"column":145}},"35":{"start":{"line":88,"column":100},"end":{"line":88,"column":144}},"36":{"start":{"line":90,"column":20},"end":{"line":90,"column":null}},"37":{"start":{"line":90,"column":89},"end":{"line":90,"column":118}},"38":{"start":{"line":91,"column":20},"end":{"line":91,"column":null}},"39":{"start":{"line":91,"column":91},"end":{"line":91,"column":120}},"40":{"start":{"line":95,"column":57},"end":{"line":101,"column":19}},"41":{"start":{"line":95,"column":82},"end":{"line":101,"column":18}},"42":{"start":{"line":103,"column":16},"end":{"line":103,"column":null}},"43":{"start":{"line":105,"column":16},"end":{"line":105,"column":null}},"44":{"start":{"line":110,"column":16},"end":{"line":110,"column":null}},"45":{"start":{"line":111,"column":16},"end":{"line":111,"column":null}},"46":{"start":{"line":118,"column":11},"end":{"line":185,"column":null}},"47":{"start":{"line":120,"column":8},"end":{"line":183,"column":null}},"48":{"start":{"line":120,"column":66},"end":{"line":183,"column":10}},"49":{"start":{"line":122,"column":12},"end":{"line":181,"column":null}},"50":{"start":{"line":124,"column":54},"end":{"line":129,"column":null}},"51":{"start":{"line":131,"column":52},"end":{"line":140,"column":19}},"52":{"start":{"line":131,"column":152},"end":{"line":140,"column":18}},"53":{"start":{"line":142,"column":49},"end":{"line":151,"column":19}},"54":{"start":{"line":142,"column":137},"end":{"line":151,"column":18}},"55":{"start":{"line":153,"column":57},"end":{"line":169,"column":19}},"56":{"start":{"line":155,"column":65},"end":{"line":155,"column":94}},"57":{"start":{"line":156,"column":51},"end":{"line":169,"column":18}},"58":{"start":{"line":171,"column":16},"end":{"line":171,"column":null}},"59":{"start":{"line":172,"column":16},"end":{"line":172,"column":null}},"60":{"start":{"line":173,"column":16},"end":{"line":173,"column":null}},"61":{"start":{"line":178,"column":16},"end":{"line":178,"column":null}},"62":{"start":{"line":179,"column":16},"end":{"line":179,"column":null}},"63":{"start":{"line":180,"column":16},"end":{"line":180,"column":null}},"64":{"start":{"line":188,"column":12},"end":{"line":215,"column":null}},"65":{"start":{"line":190,"column":8},"end":{"line":213,"column":null}},"66":{"start":{"line":190,"column":63},"end":{"line":213,"column":10}},"67":{"start":{"line":192,"column":12},"end":{"line":211,"column":null}},"68":{"start":{"line":194,"column":36},"end":{"line":194,"column":158}},"69":{"start":{"line":196,"column":16},"end":{"line":197,"column":null}},"70":{"start":{"line":197,"column":20},"end":{"line":197,"column":null}},"71":{"start":{"line":199,"column":29},"end":{"line":199,"column":45}},"72":{"start":{"line":201,"column":34},"end":{"line":201,"column":45}},"73":{"start":{"line":202,"column":30},"end":{"line":202,"column":119}},"74":{"start":{"line":203,"column":31},"end":{"line":203,"column":155}},"75":{"start":{"line":204,"column":16},"end":{"line":204,"column":null}},"76":{"start":{"line":209,"column":16},"end":{"line":209,"column":null}},"77":{"start":{"line":210,"column":16},"end":{"line":210,"column":null}},"78":{"start":{"line":217,"column":12},"end":{"line":257,"column":null}},"79":{"start":{"line":219,"column":29},"end":{"line":219,"column":204}},"80":{"start":{"line":219,"column":164},"end":{"line":219,"column":203}},"81":{"start":{"line":221,"column":26},"end":{"line":221,"column":282}},"82":{"start":{"line":221,"column":59},"end":{"line":221,"column":282}},"83":{"start":{"line":221,"column":87},"end":{"line":221,"column":281}},"84":{"start":{"line":221,"column":167},"end":{"line":221,"column":233}},"85":{"start":{"line":223,"column":29},"end":{"line":223,"column":238}},"86":{"start":{"line":223,"column":68},"end":{"line":223,"column":238}},"87":{"start":{"line":223,"column":105},"end":{"line":223,"column":237}},"88":{"start":{"line":225,"column":38},"end":{"line":225,"column":104}},"89":{"start":{"line":226,"column":39},"end":{"line":226,"column":107}},"90":{"start":{"line":228,"column":41},"end":{"line":228,"column":111}},"91":{"start":{"line":229,"column":42},"end":{"line":229,"column":114}},"92":{"start":{"line":231,"column":40},"end":{"line":231,"column":127}},"93":{"start":{"line":233,"column":40},"end":{"line":253,"column":null}},"94":{"start":{"line":255,"column":8},"end":{"line":255,"column":null}},"95":{"start":{"line":259,"column":11},"end":{"line":363,"column":null}},"96":{"start":{"line":261,"column":8},"end":{"line":361,"column":null}},"97":{"start":{"line":261,"column":65},"end":{"line":361,"column":10}},"98":{"start":{"line":265,"column":12},"end":{"line":278,"column":null}},"99":{"start":{"line":266,"column":30},"end":{"line":266,"column":148}},"100":{"start":{"line":267,"column":16},"end":{"line":267,"column":null}},"101":{"start":{"line":268,"column":16},"end":{"line":272,"column":null}},"102":{"start":{"line":269,"column":20},"end":{"line":269,"column":null}},"103":{"start":{"line":270,"column":20},"end":{"line":270,"column":null}},"104":{"start":{"line":271,"column":20},"end":{"line":271,"column":26}},"105":{"start":{"line":276,"column":16},"end":{"line":276,"column":null}},"106":{"start":{"line":277,"column":16},"end":{"line":277,"column":null}},"107":{"start":{"line":280,"column":26},"end":{"line":280,"column":136}},"108":{"start":{"line":283,"column":12},"end":{"line":359,"column":null}},"109":{"start":{"line":287,"column":20},"end":{"line":351,"column":null}},"110":{"start":{"line":291,"column":28},"end":{"line":342,"column":null}},"111":{"start":{"line":295,"column":49},"end":{"line":295,"column":91}},"112":{"start":{"line":296,"column":36},"end":{"line":325,"column":null}},"113":{"start":{"line":298,"column":56},"end":{"line":301,"column":42}},"114":{"start":{"line":299,"column":44},"end":{"line":299,"column":null}},"115":{"start":{"line":300,"column":44},"end":{"line":300,"column":null}},"116":{"start":{"line":303,"column":61},"end":{"line":318,"column":42}},"117":{"start":{"line":305,"column":44},"end":{"line":316,"column":null}},"118":{"start":{"line":307,"column":48},"end":{"line":307,"column":null}},"119":{"start":{"line":308,"column":48},"end":{"line":308,"column":null}},"120":{"start":{"line":309,"column":48},"end":{"line":309,"column":null}},"121":{"start":{"line":314,"column":48},"end":{"line":314,"column":null}},"122":{"start":{"line":315,"column":48},"end":{"line":315,"column":null}},"123":{"start":{"line":320,"column":60},"end":{"line":325,"column":42}},"124":{"start":{"line":322,"column":44},"end":{"line":322,"column":null}},"125":{"start":{"line":323,"column":44},"end":{"line":323,"column":null}},"126":{"start":{"line":328,"column":53},"end":{"line":342,"column":34}},"127":{"start":{"line":330,"column":36},"end":{"line":341,"column":null}},"128":{"start":{"line":332,"column":40},"end":{"line":332,"column":null}},"129":{"start":{"line":333,"column":40},"end":{"line":333,"column":null}},"130":{"start":{"line":334,"column":40},"end":{"line":334,"column":null}},"131":{"start":{"line":335,"column":40},"end":{"line":335,"column":null}},"132":{"start":{"line":336,"column":40},"end":{"line":336,"column":null}},"133":{"start":{"line":339,"column":40},"end":{"line":339,"column":null}},"134":{"start":{"line":340,"column":40},"end":{"line":340,"column":null}},"135":{"start":{"line":346,"column":45},"end":{"line":351,"column":26}},"136":{"start":{"line":347,"column":28},"end":{"line":347,"column":null}},"137":{"start":{"line":348,"column":28},"end":{"line":348,"column":null}},"138":{"start":{"line":349,"column":28},"end":{"line":349,"column":null}},"139":{"start":{"line":350,"column":28},"end":{"line":350,"column":null}},"140":{"start":{"line":357,"column":20},"end":{"line":357,"column":null}},"141":{"start":{"line":358,"column":20},"end":{"line":358,"column":null}},"142":{"start":{"line":24,"column":0},"end":{"line":24,"column":13}},"143":{"start":{"line":26,"column":11},"end":{"line":38,"column":null}},"144":{"start":{"line":28,"column":23},"end":{"line":28,"column":79}},"145":{"start":{"line":29,"column":27},"end":{"line":29,"column":88}},"146":{"start":{"line":30,"column":19},"end":{"line":30,"column":33}},"147":{"start":{"line":31,"column":20},"end":{"line":31,"column":35}},"148":{"start":{"line":32,"column":23},"end":{"line":32,"column":40}},"149":{"start":{"line":33,"column":24},"end":{"line":33,"column":42}},"150":{"start":{"line":34,"column":27},"end":{"line":34,"column":48}},"151":{"start":{"line":35,"column":28},"end":{"line":35,"column":50}},"152":{"start":{"line":36,"column":8},"end":{"line":36,"column":null}},"153":{"start":{"line":367,"column":13},"end":{"line":367,"column":null}}},"fnMap":{"0":{"name":"(anonymous_7)","decl":{"start":{"line":24,"column":0},"end":{"line":24,"column":13}},"loc":{"start":{"line":24,"column":0},"end":{"line":365,"column":1}}},"1":{"name":"(anonymous_8)","decl":{"start":{"line":40,"column":31},"end":{"line":40,"column":32}},"loc":{"start":{"line":40,"column":88},"end":{"line":116,"column":5}}},"2":{"name":"(anonymous_9)","decl":{"start":{"line":42,"column":27},"end":{"line":42,"column":34}},"loc":{"start":{"line":42,"column":66},"end":{"line":114,"column":10}}},"3":{"name":"(anonymous_10)","decl":{"start":{"line":42,"column":66},"end":{"line":42,"column":null}},"loc":{"start":{"line":42,"column":66},"end":{"line":114,"column":9}}},"4":{"name":"(anonymous_11)","decl":{"start":{"line":67,"column":46},"end":{"line":67,"column":47}},"loc":{"start":{"line":67,"column":62},"end":{"line":77,"column":21}}},"5":{"name":"(anonymous_12)","decl":{"start":{"line":72,"column":36},"end":{"line":72,"column":37}},"loc":{"start":{"line":72,"column":59},"end":{"line":72,"column":101}}},"6":{"name":"(anonymous_13)","decl":{"start":{"line":73,"column":33},"end":{"line":73,"column":34}},"loc":{"start":{"line":73,"column":58},"end":{"line":73,"column":259}}},"7":{"name":"(anonymous_14)","decl":{"start":{"line":79,"column":72},"end":{"line":79,"column":73}},"loc":{"start":{"line":79,"column":87},"end":{"line":79,"column":124}}},"8":{"name":"(anonymous_15)","decl":{"start":{"line":80,"column":73},"end":{"line":80,"column":74}},"loc":{"start":{"line":80,"column":88},"end":{"line":80,"column":126}}},"9":{"name":"(anonymous_16)","decl":{"start":{"line":82,"column":60},"end":{"line":82,"column":61}},"loc":{"start":{"line":82,"column":77},"end":{"line":82,"column":103}}},"10":{"name":"(anonymous_17)","decl":{"start":{"line":83,"column":62},"end":{"line":83,"column":63}},"loc":{"start":{"line":83,"column":79},"end":{"line":83,"column":105}}},"11":{"name":"(anonymous_18)","decl":{"start":{"line":87,"column":81},"end":{"line":87,"column":82}},"loc":{"start":{"line":87,"column":99},"end":{"line":87,"column":142}}},"12":{"name":"(anonymous_19)","decl":{"start":{"line":88,"column":82},"end":{"line":88,"column":83}},"loc":{"start":{"line":88,"column":100},"end":{"line":88,"column":144}}},"13":{"name":"(anonymous_20)","decl":{"start":{"line":90,"column":66},"end":{"line":90,"column":67}},"loc":{"start":{"line":90,"column":89},"end":{"line":90,"column":118}}},"14":{"name":"(anonymous_21)","decl":{"start":{"line":91,"column":68},"end":{"line":91,"column":69}},"loc":{"start":{"line":91,"column":91},"end":{"line":91,"column":120}}},"15":{"name":"(anonymous_22)","decl":{"start":{"line":95,"column":69},"end":{"line":95,"column":70}},"loc":{"start":{"line":95,"column":82},"end":{"line":101,"column":18}}},"16":{"name":"(anonymous_23)","decl":{"start":{"line":118,"column":33},"end":{"line":118,"column":34}},"loc":{"start":{"line":118,"column":148},"end":{"line":185,"column":5}}},"17":{"name":"(anonymous_24)","decl":{"start":{"line":120,"column":27},"end":{"line":120,"column":34}},"loc":{"start":{"line":120,"column":66},"end":{"line":183,"column":10}}},"18":{"name":"(anonymous_25)","decl":{"start":{"line":120,"column":66},"end":{"line":120,"column":null}},"loc":{"start":{"line":120,"column":66},"end":{"line":183,"column":9}}},"19":{"name":"(anonymous_26)","decl":{"start":{"line":131,"column":127},"end":{"line":131,"column":128}},"loc":{"start":{"line":131,"column":152},"end":{"line":140,"column":18}}},"20":{"name":"(anonymous_27)","decl":{"start":{"line":142,"column":118},"end":{"line":142,"column":119}},"loc":{"start":{"line":142,"column":137},"end":{"line":151,"column":18}}},"21":{"name":"(anonymous_28)","decl":{"start":{"line":155,"column":28},"end":{"line":155,"column":29}},"loc":{"start":{"line":155,"column":65},"end":{"line":155,"column":94}}},"22":{"name":"(anonymous_29)","decl":{"start":{"line":156,"column":25},"end":{"line":156,"column":26}},"loc":{"start":{"line":156,"column":51},"end":{"line":169,"column":18}}},"23":{"name":"(anonymous_30)","decl":{"start":{"line":188,"column":37},"end":{"line":188,"column":38}},"loc":{"start":{"line":188,"column":105},"end":{"line":215,"column":5}}},"24":{"name":"(anonymous_31)","decl":{"start":{"line":190,"column":27},"end":{"line":190,"column":34}},"loc":{"start":{"line":190,"column":63},"end":{"line":213,"column":10}}},"25":{"name":"(anonymous_32)","decl":{"start":{"line":190,"column":63},"end":{"line":190,"column":null}},"loc":{"start":{"line":190,"column":63},"end":{"line":213,"column":9}}},"26":{"name":"(anonymous_33)","decl":{"start":{"line":217,"column":26},"end":{"line":217,"column":27}},"loc":{"start":{"line":217,"column":68},"end":{"line":257,"column":5}}},"27":{"name":"(anonymous_34)","decl":{"start":{"line":219,"column":29},"end":{"line":219,"column":30}},"loc":{"start":{"line":219,"column":164},"end":{"line":219,"column":203}}},"28":{"name":"(anonymous_35)","decl":{"start":{"line":221,"column":26},"end":{"line":221,"column":27}},"loc":{"start":{"line":221,"column":59},"end":{"line":221,"column":282}}},"29":{"name":"(anonymous_36)","decl":{"start":{"line":221,"column":70},"end":{"line":221,"column":71}},"loc":{"start":{"line":221,"column":87},"end":{"line":221,"column":281}}},"30":{"name":"(anonymous_37)","decl":{"start":{"line":221,"column":133},"end":{"line":221,"column":134}},"loc":{"start":{"line":221,"column":167},"end":{"line":221,"column":233}}},"31":{"name":"(anonymous_38)","decl":{"start":{"line":223,"column":29},"end":{"line":223,"column":30}},"loc":{"start":{"line":223,"column":68},"end":{"line":223,"column":238}}},"32":{"name":"(anonymous_39)","decl":{"start":{"line":223,"column":82},"end":{"line":223,"column":83}},"loc":{"start":{"line":223,"column":105},"end":{"line":223,"column":237}}},"33":{"name":"(anonymous_40)","decl":{"start":{"line":259,"column":33},"end":{"line":259,"column":34}},"loc":{"start":{"line":259,"column":102},"end":{"line":363,"column":5}}},"34":{"name":"(anonymous_41)","decl":{"start":{"line":261,"column":27},"end":{"line":261,"column":34}},"loc":{"start":{"line":261,"column":65},"end":{"line":361,"column":10}}},"35":{"name":"(anonymous_42)","decl":{"start":{"line":261,"column":65},"end":{"line":261,"column":null}},"loc":{"start":{"line":261,"column":65},"end":{"line":361,"column":9}}},"36":{"name":"(anonymous_43)","decl":{"start":{"line":285,"column":22},"end":{"line":285,"column":23}},"loc":{"start":{"line":285,"column":26},"end":{"line":354,"column":17}}},"37":{"name":"(anonymous_44)","decl":{"start":{"line":289,"column":30},"end":{"line":289,"column":31}},"loc":{"start":{"line":289,"column":34},"end":{"line":344,"column":25}}},"38":{"name":"(anonymous_45)","decl":{"start":{"line":293,"column":38},"end":{"line":293,"column":39}},"loc":{"start":{"line":293,"column":42},"end":{"line":326,"column":33}}},"39":{"name":"(anonymous_46)","decl":{"start":{"line":298,"column":46},"end":{"line":298,"column":52}},"loc":{"start":{"line":298,"column":56},"end":{"line":301,"column":42}}},"40":{"name":"(anonymous_47)","decl":{"start":{"line":298,"column":56},"end":{"line":298,"column":null}},"loc":{"start":{"line":298,"column":56},"end":{"line":301,"column":41}}},"41":{"name":"(anonymous_48)","decl":{"start":{"line":303,"column":47},"end":{"line":303,"column":53}},"loc":{"start":{"line":303,"column":61},"end":{"line":318,"column":42}}},"42":{"name":"(anonymous_49)","decl":{"start":{"line":303,"column":61},"end":{"line":303,"column":null}},"loc":{"start":{"line":303,"column":61},"end":{"line":318,"column":41}}},"43":{"name":"(anonymous_50)","decl":{"start":{"line":320,"column":49},"end":{"line":320,"column":58}},"loc":{"start":{"line":320,"column":60},"end":{"line":325,"column":42}}},"44":{"name":"(anonymous_51)","decl":{"start":{"line":320,"column":60},"end":{"line":320,"column":null}},"loc":{"start":{"line":320,"column":60},"end":{"line":325,"column":41}}},"45":{"name":"(anonymous_52)","decl":{"start":{"line":328,"column":39},"end":{"line":328,"column":45}},"loc":{"start":{"line":328,"column":53},"end":{"line":342,"column":34}}},"46":{"name":"(anonymous_53)","decl":{"start":{"line":328,"column":53},"end":{"line":328,"column":null}},"loc":{"start":{"line":328,"column":53},"end":{"line":342,"column":33}}},"47":{"name":"(anonymous_54)","decl":{"start":{"line":346,"column":31},"end":{"line":346,"column":37}},"loc":{"start":{"line":346,"column":45},"end":{"line":351,"column":26}}},"48":{"name":"(anonymous_55)","decl":{"start":{"line":346,"column":45},"end":{"line":346,"column":null}},"loc":{"start":{"line":346,"column":45},"end":{"line":351,"column":25}}},"49":{"name":"(anonymous_56)","decl":{"start":{"line":356,"column":23},"end":{"line":356,"column":26}},"loc":{"start":{"line":356,"column":29},"end":{"line":359,"column":17}}},"50":{"name":"(anonymous_57)","decl":{"start":{"line":26,"column":49},"end":{"line":26,"column":50}},"loc":{"start":{"line":26,"column":113},"end":{"line":38,"column":5}}}},"branchMap":{"0":{"loc":{"start":{"line":10,"column":47},"end":{"line":10,"column":81}},"type":"binary-expr","locations":[{"start":{"line":10,"column":47},"end":{"line":10,"column":81}},{"start":{"line":10,"column":85},"end":{"line":10,"column":121}}]},"1":{"loc":{"start":{"line":11,"column":45},"end":{"line":11,"column":86}},"type":"binary-expr","locations":[{"start":{"line":11,"column":45},"end":{"line":11,"column":86}},{"start":{"line":11,"column":90},"end":{"line":11,"column":133}}]},"2":{"loc":{"start":{"line":196,"column":16},"end":{"line":197,"column":null}},"type":"if","locations":[{"start":{"line":196,"column":16},"end":{"line":197,"column":null}},{"start":{"line":196,"column":16},"end":{"line":197,"column":null}}]},"3":{"loc":{"start":{"line":219,"column":121},"end":{"line":219,"column":130}},"type":"default-arg","locations":[{"start":{"line":219,"column":121},"end":{"line":219,"column":130}}]},"4":{"loc":{"start":{"line":268,"column":16},"end":{"line":272,"column":null}},"type":"if","locations":[{"start":{"line":268,"column":16},"end":{"line":272,"column":null}},{"start":{"line":268,"column":16},"end":{"line":272,"column":null}}]}},"s":{"0":1,"1":1,"2":1,"3":1,"4":1,"5":1,"6":1,"7":1,"8":1,"9":0,"10":0,"11":0,"12":0,"13":0,"14":0,"15":0,"16":0,"17":0,"18":0,"19":0,"20":0,"21":0,"22":0,"23":0,"24":0,"25":0,"26":0,"27":0,"28":0,"29":0,"30":0,"31":0,"32":0,"33":0,"34":0,"35":0,"36":0,"37":0,"38":0,"39":0,"40":0,"41":0,"42":0,"43":0,"44":0,"45":0,"46":1,"47":1,"48":1,"49":1,"50":1,"51":1,"52":2,"53":1,"54":4,"55":1,"56":4,"57":1,"58":1,"59":1,"60":1,"61":0,"62":0,"63":0,"64":1,"65":1,"66":1,"67":1,"68":1,"69":1,"70":0,"71":1,"72":1,"73":1,"74":1,"75":1,"76":0,"77":0,"78":1,"79":1,"80":13,"81":1,"82":2,"83":4,"84":1,"85":1,"86":2,"87":2,"88":1,"89":1,"90":1,"91":1,"92":1,"93":1,"94":1,"95":1,"96":2,"97":2,"98":2,"99":2,"100":2,"101":2,"102":1,"103":1,"104":1,"105":0,"106":0,"107":1,"108":1,"109":1,"110":1,"111":1,"112":1,"113":1,"114":1,"115":1,"116":0,"117":0,"118":0,"119":0,"120":0,"121":0,"122":0,"123":1,"124":1,"125":1,"126":0,"127":0,"128":0,"129":0,"130":0,"131":0,"132":0,"133":0,"134":0,"135":0,"136":0,"137":0,"138":0,"139":0,"140":0,"141":0,"142":1,"143":1,"144":2,"145":2,"146":2,"147":2,"148":2,"149":2,"150":2,"151":2,"152":2,"153":1},"f":{"0":1,"1":0,"2":0,"3":0,"4":0,"5":0,"6":0,"7":0,"8":0,"9":0,"10":0,"11":0,"12":0,"13":0,"14":0,"15":0,"16":1,"17":1,"18":1,"19":2,"20":4,"21":4,"22":1,"23":1,"24":1,"25":1,"26":1,"27":13,"28":2,"29":4,"30":1,"31":2,"32":2,"33":2,"34":2,"35":2,"36":1,"37":1,"38":1,"39":1,"40":1,"41":0,"42":0,"43":1,"44":1,"45":0,"46":0,"47":0,"48":0,"49":0,"50":2},"b":{"0":[1,1],"1":[1,1],"2":[0,1],"3":[12],"4":[1,1]}}
,"/Users/joaofurriel/Development/Tese/Marketplace-JurassicPark/backend/api/src/utils/database.ts": {"path":"/Users/joaofurriel/Development/Tese/Marketplace-JurassicPark/backend/api/src/utils/database.ts","statementMap":{"0":{"start":{"line":1,"column":0},"end":{"line":1,"column":31}},"1":{"start":{"line":7,"column":0},"end":{"line":7,"column":13}},"2":{"start":{"line":9,"column":11},"end":{"line":16,"column":null}},"3":{"start":{"line":18,"column":11},"end":{"line":37,"column":null}},"4":{"start":{"line":18,"column":54},"end":{"line":37,"column":null}},"5":{"start":{"line":20,"column":8},"end":{"line":36,"column":null}},"6":{"start":{"line":22,"column":42},"end":{"line":22,"column":95}},"7":{"start":{"line":24,"column":12},"end":{"line":34,"column":null}},"8":{"start":{"line":26,"column":16},"end":{"line":32,"column":null}},"9":{"start":{"line":27,"column":20},"end":{"line":27,"column":null}},"10":{"start":{"line":28,"column":20},"end":{"line":28,"column":null}},"11":{"start":{"line":32,"column":20},"end":{"line":32,"column":null}},"12":{"start":{"line":39,"column":11},"end":{"line":64,"column":null}},"13":{"start":{"line":41,"column":8},"end":{"line":62,"column":null}},"14":{"start":{"line":43,"column":12},"end":{"line":60,"column":null}},"15":{"start":{"line":47,"column":16},"end":{"line":56,"column":null}},"16":{"start":{"line":49,"column":20},"end":{"line":49,"column":null}},"17":{"start":{"line":51,"column":20},"end":{"line":55,"column":null}},"18":{"start":{"line":52,"column":24},"end":{"line":52,"column":null}},"19":{"start":{"line":55,"column":24},"end":{"line":55,"column":null}},"20":{"start":{"line":60,"column":28},"end":{"line":60,"column":38}},"21":{"start":{"line":66,"column":11},"end":{"line":102,"column":null}},"22":{"start":{"line":68,"column":8},"end":{"line":100,"column":null}},"23":{"start":{"line":70,"column":12},"end":{"line":98,"column":null}},"24":{"start":{"line":74,"column":16},"end":{"line":94,"column":null}},"25":{"start":{"line":74,"column":65},"end":{"line":94,"column":18}},"26":{"start":{"line":76,"column":20},"end":{"line":80,"column":null}},"27":{"start":{"line":77,"column":24},"end":{"line":77,"column":null}},"28":{"start":{"line":78,"column":24},"end":{"line":78,"column":null}},"29":{"start":{"line":79,"column":24},"end":{"line":79,"column":30}},"30":{"start":{"line":82,"column":20},"end":{"line":92,"column":null}},"31":{"start":{"line":86,"column":28},"end":{"line":86,"column":null}},"32":{"start":{"line":90,"column":40},"end":{"line":90,"column":50}},"33":{"start":{"line":92,"column":39},"end":{"line":92,"column":55}},"34":{"start":{"line":98,"column":28},"end":{"line":98,"column":38}},"35":{"start":{"line":104,"column":19},"end":{"line":175,"column":null}},"36":{"start":{"line":106,"column":8},"end":{"line":172,"column":null}},"37":{"start":{"line":108,"column":12},"end":{"line":170,"column":null}},"38":{"start":{"line":110,"column":16},"end":{"line":126,"column":null}},"39":{"start":{"line":112,"column":20},"end":{"line":124,"column":null}},"40":{"start":{"line":113,"column":24},"end":{"line":113,"column":null}},"41":{"start":{"line":114,"column":24},"end":{"line":118,"column":null}},"42":{"start":{"line":115,"column":28},"end":{"line":115,"column":null}},"43":{"start":{"line":116,"column":28},"end":{"line":116,"column":null}},"44":{"start":{"line":117,"column":28},"end":{"line":117,"column":null}},"45":{"start":{"line":123,"column":24},"end":{"line":123,"column":null}},"46":{"start":{"line":133,"column":16},"end":{"line":146,"column":null}},"47":{"start":{"line":135,"column":20},"end":{"line":142,"column":null}},"48":{"start":{"line":135,"column":32},"end":{"line":135,"column":33}},"49":{"start":{"line":137,"column":41},"end":{"line":137,"column":84}},"50":{"start":{"line":138,"column":24},"end":{"line":138,"column":null}},"51":{"start":{"line":148,"column":16},"end":{"line":168,"column":null}},"52":{"start":{"line":150,"column":20},"end":{"line":158,"column":null}},"53":{"start":{"line":152,"column":24},"end":{"line":157,"column":null}},"54":{"start":{"line":153,"column":28},"end":{"line":153,"column":null}},"55":{"start":{"line":155,"column":28},"end":{"line":155,"column":null}},"56":{"start":{"line":160,"column":20},"end":{"line":164,"column":null}},"57":{"start":{"line":162,"column":24},"end":{"line":162,"column":null}},"58":{"start":{"line":166,"column":20},"end":{"line":166,"column":null}},"59":{"start":{"line":179,"column":0},"end":{"line":179,"column":null}},"60":{"start":{"line":180,"column":4},"end":{"line":180,"column":null}},"61":{"start":{"line":181,"column":4},"end":{"line":181,"column":null}},"62":{"start":{"line":182,"column":4},"end":{"line":182,"column":null}},"63":{"start":{"line":183,"column":4},"end":{"line":183,"column":null}}},"fnMap":{"0":{"name":"(anonymous_7)","decl":{"start":{"line":18,"column":27},"end":{"line":18,"column":52}},"loc":{"start":{"line":18,"column":54},"end":{"line":37,"column":null}}},"1":{"name":"(anonymous_8)","decl":{"start":{"line":18,"column":54},"end":{"line":18,"column":null}},"loc":{"start":{"line":18,"column":54},"end":{"line":37,"column":5}}},"2":{"name":"(anonymous_9)","decl":{"start":{"line":20,"column":27},"end":{"line":20,"column":28}},"loc":{"start":{"line":20,"column":62},"end":{"line":36,"column":9}}},"3":{"name":"(anonymous_10)","decl":{"start":{"line":24,"column":31},"end":{"line":24,"column":34}},"loc":{"start":{"line":24,"column":37},"end":{"line":34,"column":13}}},"4":{"name":"(anonymous_11)","decl":{"start":{"line":39,"column":30},"end":{"line":39,"column":31}},"loc":{"start":{"line":39,"column":82},"end":{"line":64,"column":5}}},"5":{"name":"(anonymous_12)","decl":{"start":{"line":41,"column":27},"end":{"line":41,"column":28}},"loc":{"start":{"line":41,"column":67},"end":{"line":62,"column":9}}},"6":{"name":"(anonymous_13)","decl":{"start":{"line":45,"column":18},"end":{"line":45,"column":19}},"loc":{"start":{"line":45,"column":46},"end":{"line":58,"column":13}}},"7":{"name":"(anonymous_14)","decl":{"start":{"line":47,"column":50},"end":{"line":47,"column":51}},"loc":{"start":{"line":47,"column":72},"end":{"line":56,"column":17}}},"8":{"name":"(anonymous_15)","decl":{"start":{"line":60,"column":19},"end":{"line":60,"column":24}},"loc":{"start":{"line":60,"column":28},"end":{"line":60,"column":38}}},"9":{"name":"(anonymous_16)","decl":{"start":{"line":66,"column":32},"end":{"line":66,"column":33}},"loc":{"start":{"line":66,"column":75},"end":{"line":102,"column":5}}},"10":{"name":"(anonymous_17)","decl":{"start":{"line":68,"column":27},"end":{"line":68,"column":28}},"loc":{"start":{"line":68,"column":67},"end":{"line":100,"column":9}}},"11":{"name":"(anonymous_18)","decl":{"start":{"line":72,"column":18},"end":{"line":72,"column":19}},"loc":{"start":{"line":72,"column":46},"end":{"line":96,"column":13}}},"12":{"name":"(anonymous_19)","decl":{"start":{"line":74,"column":44},"end":{"line":74,"column":51}},"loc":{"start":{"line":74,"column":65},"end":{"line":94,"column":18}}},"13":{"name":"(anonymous_20)","decl":{"start":{"line":74,"column":65},"end":{"line":74,"column":null}},"loc":{"start":{"line":74,"column":65},"end":{"line":94,"column":17}}},"14":{"name":"(anonymous_21)","decl":{"start":{"line":84,"column":30},"end":{"line":84,"column":36}},"loc":{"start":{"line":84,"column":39},"end":{"line":88,"column":25}}},"15":{"name":"(anonymous_22)","decl":{"start":{"line":90,"column":31},"end":{"line":90,"column":36}},"loc":{"start":{"line":90,"column":40},"end":{"line":90,"column":50}}},"16":{"name":"(anonymous_23)","decl":{"start":{"line":92,"column":33},"end":{"line":92,"column":36}},"loc":{"start":{"line":92,"column":39},"end":{"line":92,"column":55}}},"17":{"name":"(anonymous_24)","decl":{"start":{"line":98,"column":19},"end":{"line":98,"column":24}},"loc":{"start":{"line":98,"column":28},"end":{"line":98,"column":38}}},"18":{"name":"(anonymous_25)","decl":{"start":{"line":104,"column":44},"end":{"line":104,"column":45}},"loc":{"start":{"line":104,"column":133},"end":{"line":175,"column":5}}},"19":{"name":"(anonymous_26)","decl":{"start":{"line":106,"column":27},"end":{"line":106,"column":28}},"loc":{"start":{"line":106,"column":59},"end":{"line":172,"column":9}}},"20":{"name":"(anonymous_27)","decl":{"start":{"line":110,"column":34},"end":{"line":110,"column":35}},"loc":{"start":{"line":110,"column":42},"end":{"line":126,"column":17}}},"21":{"name":"(anonymous_28)","decl":{"start":{"line":114,"column":51},"end":{"line":114,"column":54}},"loc":{"start":{"line":114,"column":56},"end":{"line":118,"column":25}}},"22":{"name":"(anonymous_29)","decl":{"start":{"line":148,"column":82},"end":{"line":148,"column":83}},"loc":{"start":{"line":148,"column":109},"end":{"line":168,"column":17}}},"23":{"name":"(anonymous_30)","decl":{"start":{"line":152,"column":51},"end":{"line":152,"column":54}},"loc":{"start":{"line":152,"column":56},"end":{"line":157,"column":23}}},"24":{"name":"(anonymous_31)","decl":{"start":{"line":179,"column":0},"end":{"line":179,"column":12}},"loc":{"start":{"line":179,"column":21},"end":{"line":184,"column":1}}}},"branchMap":{"0":{"loc":{"start":{"line":26,"column":16},"end":{"line":32,"column":null}},"type":"if","locations":[{"start":{"line":26,"column":16},"end":{"line":32,"column":null}},{"start":{"line":26,"column":16},"end":{"line":32,"column":null}}]},"1":{"loc":{"start":{"line":51,"column":20},"end":{"line":55,"column":null}},"type":"if","locations":[{"start":{"line":51,"column":20},"end":{"line":55,"column":null}},{"start":{"line":51,"column":20},"end":{"line":55,"column":null}}]},"2":{"loc":{"start":{"line":76,"column":20},"end":{"line":80,"column":null}},"type":"if","locations":[{"start":{"line":76,"column":20},"end":{"line":80,"column":null}},{"start":{"line":76,"column":20},"end":{"line":80,"column":null}}]},"3":{"loc":{"start":{"line":108,"column":12},"end":{"line":170,"column":null}},"type":"if","locations":[{"start":{"line":108,"column":12},"end":{"line":170,"column":null}},{"start":{"line":108,"column":12},"end":{"line":170,"column":null}}]},"4":{"loc":{"start":{"line":112,"column":20},"end":{"line":124,"column":null}},"type":"if","locations":[{"start":{"line":112,"column":20},"end":{"line":124,"column":null}},{"start":{"line":112,"column":20},"end":{"line":124,"column":null}}]},"5":{"loc":{"start":{"line":133,"column":16},"end":{"line":146,"column":null}},"type":"if","locations":[{"start":{"line":133,"column":16},"end":{"line":146,"column":null}},{"start":{"line":133,"column":16},"end":{"line":146,"column":null}}]},"6":{"loc":{"start":{"line":150,"column":20},"end":{"line":158,"column":null}},"type":"if","locations":[{"start":{"line":150,"column":20},"end":{"line":158,"column":null}},{"start":{"line":150,"column":20},"end":{"line":158,"column":null}}]},"7":{"loc":{"start":{"line":160,"column":20},"end":{"line":164,"column":null}},"type":"if","locations":[{"start":{"line":160,"column":20},"end":{"line":164,"column":null}},{"start":{"line":160,"column":20},"end":{"line":164,"column":null}}]},"8":{"loc":{"start":{"line":160,"column":23},"end":{"line":160,"column":66}},"type":"binary-expr","locations":[{"start":{"line":160,"column":23},"end":{"line":160,"column":66}},{"start":{"line":160,"column":70},"end":{"line":160,"column":99}}]},"9":{"loc":{"start":{"line":179,"column":12},"end":{"line":179,"column":21}},"type":"binary-expr","locations":[{"start":{"line":179,"column":12},"end":{"line":179,"column":21}},{"start":{"line":179,"column":12},"end":{"line":179,"column":null}}]}},"s":{"0":1,"1":1,"2":1,"3":1,"4":13,"5":13,"6":13,"7":13,"8":13,"9":0,"10":0,"11":13,"12":1,"13":12,"14":12,"15":12,"16":12,"17":12,"18":0,"19":12,"20":0,"21":1,"22":1,"23":1,"24":1,"25":1,"26":1,"27":0,"28":0,"29":0,"30":1,"31":1,"32":0,"33":1,"34":0,"35":1,"36":9,"37":9,"38":1,"39":1,"40":0,"41":0,"42":0,"43":0,"44":0,"45":1,"46":8,"47":7,"48":7,"49":8,"50":8,"51":8,"52":8,"53":0,"54":0,"55":0,"56":8,"57":7,"58":8,"59":1,"60":1,"61":1,"62":1,"63":1},"f":{"0":13,"1":13,"2":13,"3":13,"4":12,"5":12,"6":12,"7":12,"8":0,"9":1,"10":1,"11":1,"12":1,"13":1,"14":1,"15":0,"16":1,"17":0,"18":9,"19":9,"20":1,"21":0,"22":8,"23":0,"24":1},"b":{"0":[0,13],"1":[0,12],"2":[0,1],"3":[1,8],"4":[0,1],"5":[7,1],"6":[0,8],"7":[7,1],"8":[8,8],"9":[1,1]}}
,"/Users/joaofurriel/Development/Tese/Marketplace-JurassicPark/backend/api/src/utils/request.ts": {"path":"/Users/joaofurriel/Development/Tese/Marketplace-JurassicPark/backend/api/src/utils/request.ts","statementMap":{"0":{"start":{"line":1,"column":0},"end":{"line":1,"column":66}},"1":{"start":{"line":5,"column":12},"end":{"line":5,"column":null}},"2":{"start":{"line":6,"column":12},"end":{"line":6,"column":null}},"3":{"start":{"line":7,"column":12},"end":{"line":7,"column":null}},"4":{"start":{"line":11,"column":7},"end":{"line":11,"column":null}},"5":{"start":{"line":12,"column":7},"end":{"line":12,"column":null}},"6":{"start":{"line":13,"column":7},"end":{"line":13,"column":null}},"7":{"start":{"line":18,"column":8},"end":{"line":18,"column":null}},"8":{"start":{"line":22,"column":8},"end":{"line":22,"column":null}},"9":{"start":{"line":3,"column":0},"end":{"line":3,"column":13}},"10":{"start":{"line":29,"column":12},"end":{"line":29,"column":null}},"11":{"start":{"line":32,"column":4},"end":{"line":34,"column":null}},"12":{"start":{"line":33,"column":8},"end":{"line":33,"column":null}},"13":{"start":{"line":36,"column":4},"end":{"line":38,"column":null}},"14":{"start":{"line":37,"column":8},"end":{"line":37,"column":null}},"15":{"start":{"line":40,"column":4},"end":{"line":42,"column":null}},"16":{"start":{"line":41,"column":8},"end":{"line":41,"column":null}},"17":{"start":{"line":45,"column":8},"end":{"line":45,"column":null}},"18":{"start":{"line":49,"column":8},"end":{"line":49,"column":null}},"19":{"start":{"line":27,"column":0},"end":{"line":27,"column":13}},"20":{"start":{"line":55,"column":13},"end":{"line":83,"column":null}},"21":{"start":{"line":57,"column":4},"end":{"line":81,"column":null}},"22":{"start":{"line":59,"column":21},"end":{"line":59,"column":42}},"23":{"start":{"line":61,"column":8},"end":{"line":63,"column":null}},"24":{"start":{"line":62,"column":12},"end":{"line":62,"column":null}},"25":{"start":{"line":65,"column":39},"end":{"line":65,"column":41}},"26":{"start":{"line":67,"column":8},"end":{"line":72,"column":null}},"27":{"start":{"line":67,"column":20},"end":{"line":67,"column":21}},"28":{"start":{"line":69,"column":12},"end":{"line":71,"column":null}},"29":{"start":{"line":70,"column":16},"end":{"line":70,"column":null}},"30":{"start":{"line":74,"column":8},"end":{"line":77,"column":null}},"31":{"start":{"line":75,"column":12},"end":{"line":75,"column":null}},"32":{"start":{"line":76,"column":12},"end":{"line":76,"column":null}},"33":{"start":{"line":79,"column":8},"end":{"line":79,"column":null}}},"fnMap":{"0":{"name":"(anonymous_0)","decl":{"start":{"line":3,"column":0},"end":{"line":3,"column":13}},"loc":{"start":{"line":3,"column":0},"end":{"line":25,"column":1}}},"1":{"name":"(anonymous_1)","decl":{"start":{"line":9,"column":4},"end":{"line":9,"column":17}},"loc":{"start":{"line":9,"column":47},"end":{"line":15,"column":5}}},"2":{"name":"(anonymous_2)","decl":{"start":{"line":17,"column":4},"end":{"line":17,"column":12}},"loc":{"start":{"line":17,"column":12},"end":{"line":19,"column":5}}},"3":{"name":"(anonymous_3)","decl":{"start":{"line":21,"column":4},"end":{"line":21,"column":14}},"loc":{"start":{"line":21,"column":14},"end":{"line":23,"column":5}}},"4":{"name":"(anonymous_4)","decl":{"start":{"line":27,"column":0},"end":{"line":27,"column":13}},"loc":{"start":{"line":27,"column":0},"end":{"line":52,"column":1}}},"5":{"name":"(anonymous_5)","decl":{"start":{"line":32,"column":10},"end":{"line":32,"column":13}},"loc":{"start":{"line":32,"column":15},"end":{"line":34,"column":5}}},"6":{"name":"(anonymous_6)","decl":{"start":{"line":36,"column":20},"end":{"line":36,"column":21}},"loc":{"start":{"line":36,"column":61},"end":{"line":38,"column":5}}},"7":{"name":"(anonymous_7)","decl":{"start":{"line":40,"column":16},"end":{"line":40,"column":17}},"loc":{"start":{"line":40,"column":33},"end":{"line":42,"column":5}}},"8":{"name":"(anonymous_8)","decl":{"start":{"line":44,"column":4},"end":{"line":44,"column":12}},"loc":{"start":{"line":44,"column":12},"end":{"line":46,"column":5}}},"9":{"name":"(anonymous_9)","decl":{"start":{"line":48,"column":4},"end":{"line":48,"column":13}},"loc":{"start":{"line":48,"column":13},"end":{"line":50,"column":5}}},"10":{"name":"(anonymous_10)","decl":{"start":{"line":55,"column":31},"end":{"line":55,"column":32}},"loc":{"start":{"line":55,"column":102},"end":{"line":83,"column":1}}},"11":{"name":"(anonymous_11)","decl":{"start":{"line":57,"column":23},"end":{"line":57,"column":24}},"loc":{"start":{"line":57,"column":42},"end":{"line":81,"column":5}}}},"branchMap":{"0":{"loc":{"start":{"line":36,"column":56},"end":{"line":36,"column":57}},"type":"default-arg","locations":[{"start":{"line":36,"column":56},"end":{"line":36,"column":57}}]},"1":{"loc":{"start":{"line":61,"column":8},"end":{"line":63,"column":null}},"type":"if","locations":[{"start":{"line":61,"column":8},"end":{"line":63,"column":null}},{"start":{"line":61,"column":8},"end":{"line":63,"column":null}}]},"2":{"loc":{"start":{"line":69,"column":12},"end":{"line":71,"column":null}},"type":"if","locations":[{"start":{"line":69,"column":12},"end":{"line":71,"column":null}},{"start":{"line":69,"column":12},"end":{"line":71,"column":null}}]},"3":{"loc":{"start":{"line":74,"column":8},"end":{"line":77,"column":null}},"type":"if","locations":[{"start":{"line":74,"column":8},"end":{"line":77,"column":null}},{"start":{"line":74,"column":8},"end":{"line":77,"column":null}}]}},"s":{"0":1,"1":3,"2":3,"3":3,"4":1,"5":1,"6":1,"7":0,"8":1,"9":1,"10":3,"11":3,"12":0,"13":3,"14":1,"15":3,"16":0,"17":1,"18":0,"19":1,"20":1,"21":0,"22":0,"23":0,"24":0,"25":0,"26":0,"27":0,"28":0,"29":0,"30":0,"31":0,"32":0,"33":0},"f":{"0":3,"1":1,"2":0,"3":1,"4":3,"5":0,"6":1,"7":0,"8":1,"9":0,"10":0,"11":0},"b":{"0":[1],"1":[0,0],"2":[0,0],"3":[0,0]}}
,"/Users/joaofurriel/Development/Tese/Marketplace-JurassicPark/backend/api/src/utils/utils.ts": {"path":"/Users/joaofurriel/Development/Tese/Marketplace-JurassicPark/backend/api/src/utils/utils.ts","statementMap":{"0":{"start":{"line":1,"column":0},"end":{"line":1,"column":24}},"1":{"start":{"line":2,"column":0},"end":{"line":2,"column":24}},"2":{"start":{"line":4,"column":13},"end":{"line":6,"column":null}},"3":{"start":{"line":5,"column":1},"end":{"line":5,"column":null}},"4":{"start":{"line":8,"column":13},"end":{"line":8,"column":null}},"5":{"start":{"line":10,"column":13},"end":{"line":40,"column":null}},"6":{"start":{"line":12,"column":18},"end":{"line":16,"column":24}},"7":{"start":{"line":13,"column":2},"end":{"line":13,"column":42}},"8":{"start":{"line":14,"column":2},"end":{"line":14,"column":29}},"9":{"start":{"line":15,"column":2},"end":{"line":15,"column":14}},"10":{"start":{"line":19,"column":14},"end":{"line":19,"column":16}},"11":{"start":{"line":21,"column":1},"end":{"line":37,"column":null}},"12":{"start":{"line":22,"column":16},"end":{"line":22,"column":36}},"13":{"start":{"line":24,"column":13},"end":{"line":27,"column":4}},"14":{"start":{"line":29,"column":2},"end":{"line":34,"column":null}},"15":{"start":{"line":30,"column":3},"end":{"line":32,"column":null}},"16":{"start":{"line":31,"column":4},"end":{"line":31,"column":null}},"17":{"start":{"line":33,"column":3},"end":{"line":33,"column":null}},"18":{"start":{"line":36,"column":2},"end":{"line":36,"column":null}},"19":{"start":{"line":39,"column":1},"end":{"line":39,"column":null}},"20":{"start":{"line":42,"column":13},"end":{"line":66,"column":null}},"21":{"start":{"line":44,"column":14},"end":{"line":44,"column":29}},"22":{"start":{"line":46,"column":20},"end":{"line":46,"column":30}},"23":{"start":{"line":49,"column":19},"end":{"line":49,"column":44}},"24":{"start":{"line":50,"column":17},"end":{"line":50,"column":46}},"25":{"start":{"line":53,"column":12},"end":{"line":53,"column":33}},"26":{"start":{"line":55,"column":17},"end":{"line":55,"column":26}},"27":{"start":{"line":57,"column":14},"end":{"line":57,"column":45}},"28":{"start":{"line":58,"column":14},"end":{"line":58,"column":36}},"29":{"start":{"line":60,"column":1},"end":{"line":62,"column":null}},"30":{"start":{"line":60,"column":13},"end":{"line":60,"column":14}},"31":{"start":{"line":61,"column":2},"end":{"line":61,"column":null}},"32":{"start":{"line":64,"column":1},"end":{"line":64,"column":null}},"33":{"start":{"line":68,"column":13},"end":{"line":93,"column":null}},"34":{"start":{"line":70,"column":1},"end":{"line":92,"column":null}},"35":{"start":{"line":72,"column":2},"end":{"line":91,"column":null}},"36":{"start":{"line":74,"column":3},"end":{"line":90,"column":null}},"37":{"start":{"line":75,"column":4},"end":{"line":75,"column":null}},"38":{"start":{"line":79,"column":4},"end":{"line":89,"column":null}},"39":{"start":{"line":81,"column":5},"end":{"line":87,"column":null}},"40":{"start":{"line":82,"column":6},"end":{"line":82,"column":null}},"41":{"start":{"line":85,"column":6},"end":{"line":85,"column":null}},"42":{"start":{"line":86,"column":6},"end":{"line":86,"column":null}},"43":{"start":{"line":95,"column":13},"end":{"line":120,"column":null}},"44":{"start":{"line":97,"column":1},"end":{"line":118,"column":null}},"45":{"start":{"line":99,"column":2},"end":{"line":116,"column":null}},"46":{"start":{"line":101,"column":3},"end":{"line":115,"column":null}},"47":{"start":{"line":102,"column":4},"end":{"line":102,"column":null}},"48":{"start":{"line":105,"column":4},"end":{"line":113,"column":null}},"49":{"start":{"line":107,"column":5},"end":{"line":111,"column":null}},"50":{"start":{"line":108,"column":6},"end":{"line":108,"column":null}},"51":{"start":{"line":111,"column":6},"end":{"line":111,"column":null}},"52":{"start":{"line":122,"column":13},"end":{"line":149,"column":null}},"53":{"start":{"line":124,"column":1},"end":{"line":147,"column":null}},"54":{"start":{"line":126,"column":21},"end":{"line":143,"column":3}},"55":{"start":{"line":128,"column":23},"end":{"line":128,"column":101}},"56":{"start":{"line":130,"column":21},"end":{"line":130,"column":57}},"57":{"start":{"line":132,"column":4},"end":{"line":141,"column":null}},"58":{"start":{"line":134,"column":5},"end":{"line":140,"column":null}},"59":{"start":{"line":135,"column":6},"end":{"line":135,"column":null}},"60":{"start":{"line":136,"column":6},"end":{"line":136,"column":null}},"61":{"start":{"line":140,"column":6},"end":{"line":140,"column":null}},"62":{"start":{"line":145,"column":2},"end":{"line":145,"column":null}},"63":{"start":{"line":145,"column":34},"end":{"line":145,"column":46}},"64":{"start":{"line":151,"column":13},"end":{"line":177,"column":null}},"65":{"start":{"line":153,"column":1},"end":{"line":175,"column":null}},"66":{"start":{"line":155,"column":2},"end":{"line":173,"column":null}},"67":{"start":{"line":157,"column":3},"end":{"line":160,"column":null}},"68":{"start":{"line":158,"column":4},"end":{"line":158,"column":null}},"69":{"start":{"line":159,"column":4},"end":{"line":159,"column":10}},"70":{"start":{"line":162,"column":3},"end":{"line":171,"column":null}},"71":{"start":{"line":164,"column":4},"end":{"line":169,"column":null}},"72":{"start":{"line":165,"column":5},"end":{"line":165,"column":null}},"73":{"start":{"line":168,"column":5},"end":{"line":168,"column":null}},"74":{"start":{"line":179,"column":13},"end":{"line":212,"column":null}},"75":{"start":{"line":181,"column":1},"end":{"line":210,"column":null}},"76":{"start":{"line":183,"column":2},"end":{"line":208,"column":null}},"77":{"start":{"line":185,"column":3},"end":{"line":188,"column":null}},"78":{"start":{"line":186,"column":4},"end":{"line":186,"column":null}},"79":{"start":{"line":187,"column":4},"end":{"line":187,"column":10}},"80":{"start":{"line":190,"column":3},"end":{"line":205,"column":null}},"81":{"start":{"line":194,"column":5},"end":{"line":203,"column":null}},"82":{"start":{"line":196,"column":6},"end":{"line":201,"column":null}},"83":{"start":{"line":197,"column":7},"end":{"line":197,"column":null}},"84":{"start":{"line":201,"column":7},"end":{"line":201,"column":null}}},"fnMap":{"0":{"name":"(anonymous_0)","decl":{"start":{"line":4,"column":26},"end":{"line":4,"column":37}},"loc":{"start":{"line":4,"column":39},"end":{"line":6,"column":1}}},"1":{"name":"(anonymous_1)","decl":{"start":{"line":10,"column":23},"end":{"line":10,"column":24}},"loc":{"start":{"line":10,"column":73},"end":{"line":40,"column":1}}},"2":{"name":"(anonymous_2)","decl":{"start":{"line":12,"column":31},"end":{"line":12,"column":32}},"loc":{"start":{"line":12,"column":56},"end":{"line":16,"column":2}}},"3":{"name":"(anonymous_3)","decl":{"start":{"line":42,"column":23},"end":{"line":42,"column":24}},"loc":{"start":{"line":42,"column":54},"end":{"line":66,"column":1}}},"4":{"name":"(anonymous_4)","decl":{"start":{"line":68,"column":25},"end":{"line":68,"column":26}},"loc":{"start":{"line":68,"column":65},"end":{"line":93,"column":1}}},"5":{"name":"(anonymous_5)","decl":{"start":{"line":70,"column":20},"end":{"line":70,"column":21}},"loc":{"start":{"line":70,"column":51},"end":{"line":92,"column":2}}},"6":{"name":"(anonymous_6)","decl":{"start":{"line":72,"column":16},"end":{"line":72,"column":17}},"loc":{"start":{"line":72,"column":64},"end":{"line":91,"column":3}}},"7":{"name":"(anonymous_7)","decl":{"start":{"line":79,"column":38},"end":{"line":79,"column":39}},"loc":{"start":{"line":79,"column":77},"end":{"line":89,"column":5}}},"8":{"name":"(anonymous_8)","decl":{"start":{"line":95,"column":25},"end":{"line":95,"column":26}},"loc":{"start":{"line":95,"column":65},"end":{"line":120,"column":1}}},"9":{"name":"(anonymous_9)","decl":{"start":{"line":97,"column":20},"end":{"line":97,"column":21}},"loc":{"start":{"line":97,"column":51},"end":{"line":118,"column":2}}},"10":{"name":"(anonymous_10)","decl":{"start":{"line":99,"column":16},"end":{"line":99,"column":17}},"loc":{"start":{"line":99,"column":64},"end":{"line":116,"column":3}}},"11":{"name":"(anonymous_11)","decl":{"start":{"line":105,"column":23},"end":{"line":105,"column":24}},"loc":{"start":{"line":105,"column":54},"end":{"line":113,"column":5}}},"12":{"name":"(anonymous_12)","decl":{"start":{"line":122,"column":24},"end":{"line":122,"column":25}},"loc":{"start":{"line":122,"column":153},"end":{"line":149,"column":1}}},"13":{"name":"(anonymous_13)","decl":{"start":{"line":124,"column":20},"end":{"line":124,"column":21}},"loc":{"start":{"line":124,"column":51},"end":{"line":147,"column":2}}},"14":{"name":"(anonymous_14)","decl":{"start":{"line":126,"column":21},"end":{"line":126,"column":24}},"loc":{"start":{"line":126,"column":26},"end":{"line":143,"column":3}}},"15":{"name":"(anonymous_15)","decl":{"start":{"line":132,"column":41},"end":{"line":132,"column":42}},"loc":{"start":{"line":132,"column":71},"end":{"line":141,"column":5}}},"16":{"name":"(anonymous_16)","decl":{"start":{"line":145,"column":29},"end":{"line":145,"column":30}},"loc":{"start":{"line":145,"column":34},"end":{"line":145,"column":46}}},"17":{"name":"(anonymous_17)","decl":{"start":{"line":151,"column":26},"end":{"line":151,"column":27}},"loc":{"start":{"line":151,"column":65},"end":{"line":177,"column":1}}},"18":{"name":"(anonymous_18)","decl":{"start":{"line":153,"column":20},"end":{"line":153,"column":21}},"loc":{"start":{"line":153,"column":51},"end":{"line":175,"column":2}}},"19":{"name":"(anonymous_19)","decl":{"start":{"line":155,"column":21},"end":{"line":155,"column":22}},"loc":{"start":{"line":155,"column":41},"end":{"line":173,"column":3}}},"20":{"name":"(anonymous_20)","decl":{"start":{"line":162,"column":23},"end":{"line":162,"column":24}},"loc":{"start":{"line":162,"column":54},"end":{"line":171,"column":4}}},"21":{"name":"(anonymous_21)","decl":{"start":{"line":179,"column":30},"end":{"line":179,"column":31}},"loc":{"start":{"line":179,"column":114},"end":{"line":212,"column":1}}},"22":{"name":"(anonymous_22)","decl":{"start":{"line":181,"column":20},"end":{"line":181,"column":21}},"loc":{"start":{"line":181,"column":51},"end":{"line":210,"column":2}}},"23":{"name":"(anonymous_23)","decl":{"start":{"line":183,"column":21},"end":{"line":183,"column":22}},"loc":{"start":{"line":183,"column":41},"end":{"line":208,"column":3}}},"24":{"name":"(anonymous_24)","decl":{"start":{"line":192,"column":13},"end":{"line":192,"column":16}},"loc":{"start":{"line":192,"column":18},"end":{"line":205,"column":5}}},"25":{"name":"(anonymous_25)","decl":{"start":{"line":194,"column":63},"end":{"line":194,"column":64}},"loc":{"start":{"line":194,"column":94},"end":{"line":203,"column":6}}}},"branchMap":{"0":{"loc":{"start":{"line":13,"column":20},"end":{"line":13,"column":35}},"type":"binary-expr","locations":[{"start":{"line":13,"column":20},"end":{"line":13,"column":35}},{"start":{"line":13,"column":39},"end":{"line":13,"column":41}}]},"1":{"loc":{"start":{"line":29,"column":2},"end":{"line":34,"column":null}},"type":"if","locations":[{"start":{"line":29,"column":2},"end":{"line":34,"column":null}},{"start":{"line":29,"column":2},"end":{"line":34,"column":null}}]},"2":{"loc":{"start":{"line":74,"column":3},"end":{"line":90,"column":null}},"type":"if","locations":[{"start":{"line":74,"column":3},"end":{"line":90,"column":null}},{"start":{"line":74,"column":3},"end":{"line":90,"column":null}}]},"3":{"loc":{"start":{"line":81,"column":5},"end":{"line":87,"column":null}},"type":"if","locations":[{"start":{"line":81,"column":5},"end":{"line":87,"column":null}},{"start":{"line":81,"column":5},"end":{"line":87,"column":null}}]},"4":{"loc":{"start":{"line":101,"column":3},"end":{"line":115,"column":null}},"type":"if","locations":[{"start":{"line":101,"column":3},"end":{"line":115,"column":null}},{"start":{"line":101,"column":3},"end":{"line":115,"column":null}}]},"5":{"loc":{"start":{"line":107,"column":5},"end":{"line":111,"column":null}},"type":"if","locations":[{"start":{"line":107,"column":5},"end":{"line":111,"column":null}},{"start":{"line":107,"column":5},"end":{"line":111,"column":null}}]},"6":{"loc":{"start":{"line":128,"column":72},"end":{"line":128,"column":88}},"type":"cond-expr","locations":[{"start":{"line":128,"column":72},"end":{"line":128,"column":88}},{"start":{"line":128,"column":91},"end":{"line":128,"column":101}}]},"7":{"loc":{"start":{"line":134,"column":5},"end":{"line":140,"column":null}},"type":"if","locations":[{"start":{"line":134,"column":5},"end":{"line":140,"column":null}},{"start":{"line":134,"column":5},"end":{"line":140,"column":null}}]},"8":{"loc":{"start":{"line":157,"column":3},"end":{"line":160,"column":null}},"type":"if","locations":[{"start":{"line":157,"column":3},"end":{"line":160,"column":null}},{"start":{"line":157,"column":3},"end":{"line":160,"column":null}}]},"9":{"loc":{"start":{"line":164,"column":4},"end":{"line":169,"column":null}},"type":"if","locations":[{"start":{"line":164,"column":4},"end":{"line":169,"column":null}},{"start":{"line":164,"column":4},"end":{"line":169,"column":null}}]},"10":{"loc":{"start":{"line":185,"column":3},"end":{"line":188,"column":null}},"type":"if","locations":[{"start":{"line":185,"column":3},"end":{"line":188,"column":null}},{"start":{"line":185,"column":3},"end":{"line":188,"column":null}}]},"11":{"loc":{"start":{"line":196,"column":6},"end":{"line":201,"column":null}},"type":"if","locations":[{"start":{"line":196,"column":6},"end":{"line":201,"column":null}},{"start":{"line":196,"column":6},"end":{"line":201,"column":null}}]}},"s":{"0":2,"1":2,"2":2,"3":0,"4":2,"5":2,"6":0,"7":0,"8":0,"9":0,"10":0,"11":0,"12":0,"13":0,"14":0,"15":0,"16":0,"17":0,"18":0,"19":0,"20":2,"21":1,"22":1,"23":1,"24":1,"25":1,"26":1,"27":1,"28":1,"29":1,"30":1,"31":11,"32":1,"33":2,"34":12,"35":12,"36":12,"37":1,"38":11,"39":11,"40":11,"41":0,"42":0,"43":2,"44":10,"45":10,"46":10,"47":0,"48":10,"49":10,"50":10,"51":0,"52":2,"53":6,"54":6,"55":6,"56":6,"57":6,"58":6,"59":0,"60":0,"61":6,"62":6,"63":6,"64":2,"65":10,"66":10,"67":10,"68":1,"69":1,"70":9,"71":9,"72":0,"73":9,"74":2,"75":4,"76":4,"77":4,"78":1,"79":1,"80":3,"81":3,"82":3,"83":0,"84":3},"f":{"0":0,"1":0,"2":0,"3":1,"4":12,"5":12,"6":12,"7":11,"8":10,"9":10,"10":10,"11":10,"12":6,"13":6,"14":6,"15":6,"16":6,"17":10,"18":10,"19":10,"20":9,"21":4,"22":4,"23":4,"24":3,"25":3},"b":{"0":[0,0],"1":[0,0],"2":[1,11],"3":[11,0],"4":[0,10],"5":[10,0],"6":[5,1],"7":[0,6],"8":[1,9],"9":[0,9],"10":[1,3],"11":[0,3]}}
}
