TN:
SF:src/controllers/functionBlockController.ts
FN:24,(anonymous_7)
FN:40,(anonymous_8)
FN:42,(anonymous_9)
FN:42,(anonymous_10)
FN:67,(anonymous_11)
FN:72,(anonymous_12)
FN:73,(anonymous_13)
FN:79,(anonymous_14)
FN:80,(anonymous_15)
FN:82,(anonymous_16)
FN:83,(anonymous_17)
FN:87,(anonymous_18)
FN:88,(anonymous_19)
FN:90,(anonymous_20)
FN:91,(anonymous_21)
FN:95,(anonymous_22)
FN:118,(anonymous_23)
FN:120,(anonymous_24)
FN:120,(anonymous_25)
FN:131,(anonymous_26)
FN:142,(anonymous_27)
FN:155,(anonymous_28)
FN:156,(anonymous_29)
FN:188,(anonymous_30)
FN:190,(anonymous_31)
FN:190,(anonymous_32)
FN:217,(anonymous_33)
FN:219,(anonymous_34)
FN:221,(anonymous_35)
FN:221,(anonymous_36)
FN:221,(anonymous_37)
FN:223,(anonymous_38)
FN:223,(anonymous_39)
FN:259,(anonymous_40)
FN:261,(anonymous_41)
FN:261,(anonymous_42)
FN:285,(anonymous_43)
FN:289,(anonymous_44)
FN:293,(anonymous_45)
FN:298,(anonymous_46)
FN:298,(anonymous_47)
FN:303,(anonymous_48)
FN:303,(anonymous_49)
FN:320,(anonymous_50)
FN:320,(anonymous_51)
FN:328,(anonymous_52)
FN:328,(anonymous_53)
FN:346,(anonymous_54)
FN:346,(anonymous_55)
FN:356,(anonymous_56)
FN:26,(anonymous_57)
FNF:51
FNH:29
FNDA:1,(anonymous_7)
FNDA:0,(anonymous_8)
FNDA:0,(anonymous_9)
FNDA:0,(anonymous_10)
FNDA:0,(anonymous_11)
FNDA:0,(anonymous_12)
FNDA:0,(anonymous_13)
FNDA:0,(anonymous_14)
FNDA:0,(anonymous_15)
FNDA:0,(anonymous_16)
FNDA:0,(anonymous_17)
FNDA:0,(anonymous_18)
FNDA:0,(anonymous_19)
FNDA:0,(anonymous_20)
FNDA:0,(anonymous_21)
FNDA:0,(anonymous_22)
FNDA:1,(anonymous_23)
FNDA:1,(anonymous_24)
FNDA:1,(anonymous_25)
FNDA:2,(anonymous_26)
FNDA:4,(anonymous_27)
FNDA:4,(anonymous_28)
FNDA:1,(anonymous_29)
FNDA:1,(anonymous_30)
FNDA:1,(anonymous_31)
FNDA:1,(anonymous_32)
FNDA:1,(anonymous_33)
FNDA:13,(anonymous_34)
FNDA:2,(anonymous_35)
FNDA:4,(anonymous_36)
FNDA:1,(anonymous_37)
FNDA:2,(anonymous_38)
FNDA:2,(anonymous_39)
FNDA:2,(anonymous_40)
FNDA:2,(anonymous_41)
FNDA:2,(anonymous_42)
FNDA:1,(anonymous_43)
FNDA:1,(anonymous_44)
FNDA:1,(anonymous_45)
FNDA:1,(anonymous_46)
FNDA:1,(anonymous_47)
FNDA:0,(anonymous_48)
FNDA:0,(anonymous_49)
FNDA:1,(anonymous_50)
FNDA:1,(anonymous_51)
FNDA:0,(anonymous_52)
FNDA:0,(anonymous_53)
FNDA:0,(anonymous_54)
FNDA:0,(anonymous_55)
FNDA:0,(anonymous_56)
FNDA:2,(anonymous_57)
DA:1,1
DA:3,1
DA:4,1
DA:5,1
DA:7,1
DA:8,1
DA:10,1
DA:11,1
DA:24,1
DA:26,1
DA:28,2
DA:29,2
DA:30,2
DA:31,2
DA:32,2
DA:33,2
DA:34,2
DA:35,2
DA:36,2
DA:40,1
DA:42,0
DA:44,0
DA:46,0
DA:59,0
DA:61,0
DA:63,0
DA:65,0
DA:67,0
DA:71,0
DA:72,0
DA:73,0
DA:75,0
DA:79,0
DA:80,0
DA:82,0
DA:83,0
DA:85,0
DA:87,0
DA:88,0
DA:90,0
DA:91,0
DA:95,0
DA:103,0
DA:105,0
DA:110,0
DA:111,0
DA:118,1
DA:120,1
DA:122,1
DA:124,1
DA:131,2
DA:142,4
DA:153,1
DA:155,4
DA:156,1
DA:171,1
DA:172,1
DA:173,1
DA:178,0
DA:179,0
DA:180,0
DA:188,1
DA:190,1
DA:192,1
DA:194,1
DA:196,1
DA:197,0
DA:199,1
DA:201,1
DA:202,1
DA:203,1
DA:204,1
DA:209,0
DA:210,0
DA:217,1
DA:219,13
DA:221,4
DA:223,2
DA:225,1
DA:226,1
DA:228,1
DA:229,1
DA:231,1
DA:233,1
DA:255,1
DA:259,1
DA:261,2
DA:265,2
DA:266,2
DA:267,2
DA:268,2
DA:269,1
DA:270,1
DA:271,1
DA:276,0
DA:277,0
DA:280,1
DA:283,1
DA:287,1
DA:291,1
DA:295,1
DA:296,1
DA:298,1
DA:299,1
DA:300,1
DA:303,0
DA:305,0
DA:307,0
DA:308,0
DA:309,0
DA:314,0
DA:315,0
DA:320,1
DA:322,1
DA:323,1
DA:328,0
DA:330,0
DA:332,0
DA:333,0
DA:334,0
DA:335,0
DA:336,0
DA:339,0
DA:340,0
DA:346,0
DA:347,0
DA:348,0
DA:349,0
DA:350,0
DA:357,0
DA:358,0
DA:367,1
LF:132
LH:75
BRDA:10,0,0,1
BRDA:10,0,1,1
BRDA:11,1,0,1
BRDA:11,1,1,1
BRDA:196,2,0,0
BRDA:196,2,1,1
BRDA:219,3,0,12
BRDA:268,4,0,1
BRDA:268,4,1,1
BRF:9
BRH:8
end_of_record
TN:
SF:src/utils/database.ts
FN:18,(anonymous_7)
FN:18,(anonymous_8)
FN:20,(anonymous_9)
FN:24,(anonymous_10)
FN:39,(anonymous_11)
FN:41,(anonymous_12)
FN:45,(anonymous_13)
FN:47,(anonymous_14)
FN:60,(anonymous_15)
FN:66,(anonymous_16)
FN:68,(anonymous_17)
FN:72,(anonymous_18)
FN:74,(anonymous_19)
FN:74,(anonymous_20)
FN:84,(anonymous_21)
FN:90,(anonymous_22)
FN:92,(anonymous_23)
FN:98,(anonymous_24)
FN:104,(anonymous_25)
FN:106,(anonymous_26)
FN:110,(anonymous_27)
FN:114,(anonymous_28)
FN:148,(anonymous_29)
FN:152,(anonymous_30)
FN:179,(anonymous_31)
FNF:25
FNH:20
FNDA:13,(anonymous_7)
FNDA:13,(anonymous_8)
FNDA:13,(anonymous_9)
FNDA:13,(anonymous_10)
FNDA:12,(anonymous_11)
FNDA:12,(anonymous_12)
FNDA:12,(anonymous_13)
FNDA:12,(anonymous_14)
FNDA:0,(anonymous_15)
FNDA:1,(anonymous_16)
FNDA:1,(anonymous_17)
FNDA:1,(anonymous_18)
FNDA:1,(anonymous_19)
FNDA:1,(anonymous_20)
FNDA:1,(anonymous_21)
FNDA:0,(anonymous_22)
FNDA:1,(anonymous_23)
FNDA:0,(anonymous_24)
FNDA:9,(anonymous_25)
FNDA:9,(anonymous_26)
FNDA:1,(anonymous_27)
FNDA:0,(anonymous_28)
FNDA:8,(anonymous_29)
FNDA:0,(anonymous_30)
FNDA:1,(anonymous_31)
DA:1,1
DA:7,1
DA:9,1
DA:18,13
DA:20,13
DA:22,13
DA:24,13
DA:26,13
DA:27,0
DA:28,0
DA:32,13
DA:39,1
DA:41,12
DA:43,12
DA:47,12
DA:49,12
DA:51,12
DA:52,0
DA:55,12
DA:60,0
DA:66,1
DA:68,1
DA:70,1
DA:74,1
DA:76,1
DA:77,0
DA:78,0
DA:79,0
DA:82,1
DA:86,1
DA:90,0
DA:92,1
DA:98,0
DA:104,1
DA:106,9
DA:108,9
DA:110,1
DA:112,1
DA:113,0
DA:114,0
DA:115,0
DA:116,0
DA:117,0
DA:123,1
DA:133,8
DA:135,7
DA:137,8
DA:138,8
DA:148,8
DA:150,8
DA:152,0
DA:153,0
DA:155,0
DA:160,8
DA:162,7
DA:166,8
DA:179,1
DA:180,1
DA:181,1
DA:182,1
DA:183,1
LF:61
LH:44
BRDA:26,0,0,0
BRDA:26,0,1,13
BRDA:51,1,0,0
BRDA:51,1,1,12
BRDA:76,2,0,0
BRDA:76,2,1,1
BRDA:108,3,0,1
BRDA:108,3,1,8
BRDA:112,4,0,0
BRDA:112,4,1,1
BRDA:133,5,0,7
BRDA:133,5,1,1
BRDA:150,6,0,0
BRDA:150,6,1,8
BRDA:160,7,0,7
BRDA:160,7,1,1
BRDA:160,8,0,8
BRDA:160,8,1,8
BRDA:179,9,0,1
BRDA:179,9,1,1
BRF:20
BRH:15
end_of_record
TN:
SF:src/utils/request.ts
FN:3,(anonymous_0)
FN:9,(anonymous_1)
FN:17,(anonymous_2)
FN:21,(anonymous_3)
FN:27,(anonymous_4)
FN:32,(anonymous_5)
FN:36,(anonymous_6)
FN:40,(anonymous_7)
FN:44,(anonymous_8)
FN:48,(anonymous_9)
FN:55,(anonymous_10)
FN:57,(anonymous_11)
FNF:12
FNH:6
FNDA:3,(anonymous_0)
FNDA:1,(anonymous_1)
FNDA:0,(anonymous_2)
FNDA:1,(anonymous_3)
FNDA:3,(anonymous_4)
FNDA:0,(anonymous_5)
FNDA:1,(anonymous_6)
FNDA:0,(anonymous_7)
FNDA:1,(anonymous_8)
FNDA:0,(anonymous_9)
FNDA:0,(anonymous_10)
FNDA:0,(anonymous_11)
DA:1,1
DA:3,1
DA:5,3
DA:6,3
DA:7,3
DA:11,1
DA:12,1
DA:13,1
DA:18,0
DA:22,1
DA:27,1
DA:29,3
DA:32,3
DA:33,0
DA:36,3
DA:37,1
DA:40,3
DA:41,0
DA:45,1
DA:49,0
DA:55,1
DA:57,0
DA:59,0
DA:61,0
DA:62,0
DA:65,0
DA:67,0
DA:69,0
DA:70,0
DA:74,0
DA:75,0
DA:76,0
DA:79,0
LF:33
LH:17
BRDA:36,0,0,1
BRDA:61,1,0,0
BRDA:61,1,1,0
BRDA:69,2,0,0
BRDA:69,2,1,0
BRDA:74,3,0,0
BRDA:74,3,1,0
BRF:7
BRH:1
end_of_record
TN:
SF:src/utils/utils.ts
FN:4,(anonymous_0)
FN:10,(anonymous_1)
FN:12,(anonymous_2)
FN:42,(anonymous_3)
FN:68,(anonymous_4)
FN:70,(anonymous_5)
FN:72,(anonymous_6)
FN:79,(anonymous_7)
FN:95,(anonymous_8)
FN:97,(anonymous_9)
FN:99,(anonymous_10)
FN:105,(anonymous_11)
FN:122,(anonymous_12)
FN:124,(anonymous_13)
FN:126,(anonymous_14)
FN:132,(anonymous_15)
FN:145,(anonymous_16)
FN:151,(anonymous_17)
FN:153,(anonymous_18)
FN:155,(anonymous_19)
FN:162,(anonymous_20)
FN:179,(anonymous_21)
FN:181,(anonymous_22)
FN:183,(anonymous_23)
FN:192,(anonymous_24)
FN:194,(anonymous_25)
FNF:26
FNH:23
FNDA:0,(anonymous_0)
FNDA:0,(anonymous_1)
FNDA:0,(anonymous_2)
FNDA:1,(anonymous_3)
FNDA:12,(anonymous_4)
FNDA:12,(anonymous_5)
FNDA:12,(anonymous_6)
FNDA:11,(anonymous_7)
FNDA:10,(anonymous_8)
FNDA:10,(anonymous_9)
FNDA:10,(anonymous_10)
FNDA:10,(anonymous_11)
FNDA:6,(anonymous_12)
FNDA:6,(anonymous_13)
FNDA:6,(anonymous_14)
FNDA:6,(anonymous_15)
FNDA:6,(anonymous_16)
FNDA:10,(anonymous_17)
FNDA:10,(anonymous_18)
FNDA:10,(anonymous_19)
FNDA:9,(anonymous_20)
FNDA:4,(anonymous_21)
FNDA:4,(anonymous_22)
FNDA:4,(anonymous_23)
FNDA:3,(anonymous_24)
FNDA:3,(anonymous_25)
DA:1,2
DA:2,2
DA:4,2
DA:5,0
DA:8,2
DA:10,2
DA:12,0
DA:13,0
DA:14,0
DA:15,0
DA:19,0
DA:21,0
DA:22,0
DA:24,0
DA:29,0
DA:30,0
DA:31,0
DA:33,0
DA:36,0
DA:39,0
DA:42,2
DA:44,1
DA:46,1
DA:49,1
DA:50,1
DA:53,1
DA:55,1
DA:57,1
DA:58,1
DA:60,1
DA:61,11
DA:64,1
DA:68,2
DA:70,12
DA:72,12
DA:74,12
DA:75,1
DA:79,11
DA:81,11
DA:82,11
DA:85,0
DA:86,0
DA:95,2
DA:97,10
DA:99,10
DA:101,10
DA:102,0
DA:105,10
DA:107,10
DA:108,10
DA:111,0
DA:122,2
DA:124,6
DA:126,6
DA:128,6
DA:130,6
DA:132,6
DA:134,6
DA:135,0
DA:136,0
DA:140,6
DA:145,6
DA:151,2
DA:153,10
DA:155,10
DA:157,10
DA:158,1
DA:159,1
DA:162,9
DA:164,9
DA:165,0
DA:168,9
DA:179,2
DA:181,4
DA:183,4
DA:185,4
DA:186,1
DA:187,1
DA:190,3
DA:194,3
DA:196,3
DA:197,0
DA:201,3
LF:83
LH:60
BRDA:13,0,0,0
BRDA:13,0,1,0
BRDA:29,1,0,0
BRDA:29,1,1,0
BRDA:74,2,0,1
BRDA:74,2,1,11
BRDA:81,3,0,11
BRDA:81,3,1,0
BRDA:101,4,0,0
BRDA:101,4,1,10
BRDA:107,5,0,10
BRDA:107,5,1,0
BRDA:128,6,0,5
BRDA:128,6,1,1
BRDA:134,7,0,0
BRDA:134,7,1,6
BRDA:157,8,0,1
BRDA:157,8,1,9
BRDA:164,9,0,0
BRDA:164,9,1,9
BRDA:185,10,0,1
BRDA:185,10,1,3
BRDA:196,11,0,0
BRDA:196,11,1,3
BRF:24
BRH:14
end_of_record
